{"channel": "monitoring", "monitor_interval": 30.0, "active_brokers": ["paper", "zerodha"], "event": "Starting pipeline monitoring", "level": "info", "logger": "pipeline_monitor", "timestamp": "2025-08-28T08:00:32.127511Z"}
{"channel": "monitoring", "active_brokers": ["paper", "zerodha"], "event": "Pipeline monitoring started", "level": "info", "logger": "pipeline_monitor", "timestamp": "2025-08-28T08:00:32.130426Z"}
{"channel": "monitoring", "validation_id": "805f3178-d4da-4559-852a-578d2222bdfd", "broker": "paper", "event": "Starting end-to-end pipeline validation", "level": "info", "logger": "pipeline_validator", "timestamp": "2025-08-28T08:00:32.130597Z"}
{"channel": "monitoring", "broker": "paper", "grace_period_seconds": 30.0, "event": "Service in startup grace period, skipping detailed validation", "level": "info", "logger": "pipeline_validator", "timestamp": "2025-08-28T08:00:32.130722Z"}
{"channel": "monitoring", "validation_id": "d2c36364-e26c-4d7d-a86c-3651bfbdb2a4", "broker": "zerodha", "event": "Starting end-to-end pipeline validation", "level": "info", "logger": "pipeline_validator", "timestamp": "2025-08-28T08:00:32.140301Z"}
{"channel": "monitoring", "broker": "zerodha", "grace_period_seconds": 30.0, "event": "Service in startup grace period, skipping detailed validation", "level": "info", "logger": "pipeline_validator", "timestamp": "2025-08-28T08:00:32.140533Z"}
{"channel": "monitoring", "active_brokers": ["paper", "zerodha"], "event": "Stopping pipeline monitoring", "level": "info", "logger": "pipeline_monitor", "timestamp": "2025-08-28T08:00:45.773813Z"}
{"channel": "monitoring", "active_brokers": ["paper", "zerodha"], "event": "Pipeline monitoring cancelled", "level": "info", "logger": "pipeline_monitor", "timestamp": "2025-08-28T08:00:45.774923Z"}
{"channel": "monitoring", "active_brokers": ["paper", "zerodha"], "event": "Pipeline monitoring stopped", "level": "info", "logger": "pipeline_monitor", "timestamp": "2025-08-28T08:00:45.775608Z"}
{"channel": "monitoring", "monitor_interval": 30.0, "active_brokers": ["paper", "zerodha"], "event": "Starting pipeline monitoring", "level": "info", "logger": "pipeline_monitor", "timestamp": "2025-08-28T08:08:00.061645Z"}
{"channel": "monitoring", "active_brokers": ["paper", "zerodha"], "event": "Pipeline monitoring started", "level": "info", "logger": "pipeline_monitor", "timestamp": "2025-08-28T08:08:00.065897Z"}
{"channel": "monitoring", "validation_id": "00a11414-6b08-4e58-b2ba-4cbc37304365", "broker": "paper", "event": "Starting end-to-end pipeline validation", "level": "info", "logger": "pipeline_validator", "timestamp": "2025-08-28T08:08:00.066073Z"}
{"channel": "monitoring", "broker": "paper", "grace_period_seconds": 30.0, "event": "Service in startup grace period, skipping detailed validation", "level": "info", "logger": "pipeline_validator", "timestamp": "2025-08-28T08:08:00.066187Z"}
{"channel": "monitoring", "validation_id": "5cd6d617-8f06-403a-a121-991fc86ce260", "broker": "zerodha", "event": "Starting end-to-end pipeline validation", "level": "info", "logger": "pipeline_validator", "timestamp": "2025-08-28T08:08:00.076617Z"}
{"channel": "monitoring", "broker": "zerodha", "grace_period_seconds": 30.0, "event": "Service in startup grace period, skipping detailed validation", "level": "info", "logger": "pipeline_validator", "timestamp": "2025-08-28T08:08:00.076814Z"}
{"channel": "monitoring", "active_brokers": ["paper", "zerodha"], "event": "Stopping pipeline monitoring", "level": "info", "logger": "pipeline_monitor", "timestamp": "2025-08-28T08:08:03.867115Z"}
{"channel": "monitoring", "active_brokers": ["paper", "zerodha"], "event": "Pipeline monitoring cancelled", "level": "info", "logger": "pipeline_monitor", "timestamp": "2025-08-28T08:08:03.868377Z"}
{"channel": "monitoring", "active_brokers": ["paper", "zerodha"], "event": "Pipeline monitoring stopped", "level": "info", "logger": "pipeline_monitor", "timestamp": "2025-08-28T08:08:03.869058Z"}
{"channel": "monitoring", "monitor_interval": 30.0, "active_brokers": ["paper", "zerodha"], "event": "Starting pipeline monitoring", "level": "info", "logger": "pipeline_monitor", "timestamp": "2025-08-28T08:47:40.353373Z"}
{"channel": "monitoring", "active_brokers": ["paper", "zerodha"], "event": "Pipeline monitoring started", "level": "info", "logger": "pipeline_monitor", "timestamp": "2025-08-28T08:47:40.357625Z"}
{"channel": "monitoring", "validation_id": "27cb547a-52f0-4c52-a734-64a10adef25c", "broker": "paper", "event": "Starting end-to-end pipeline validation", "level": "info", "logger": "pipeline_validator", "timestamp": "2025-08-28T08:47:40.357897Z"}
{"channel": "monitoring", "broker": "paper", "grace_period_seconds": 30.0, "event": "Service in startup grace period, skipping detailed validation", "level": "info", "logger": "pipeline_validator", "timestamp": "2025-08-28T08:47:40.358029Z"}
{"channel": "monitoring", "validation_id": "f61d30dd-817b-48de-90c0-6150acab3266", "broker": "zerodha", "event": "Starting end-to-end pipeline validation", "level": "info", "logger": "pipeline_validator", "timestamp": "2025-08-28T08:47:40.369956Z"}
{"channel": "monitoring", "broker": "zerodha", "grace_period_seconds": 30.0, "event": "Service in startup grace period, skipping detailed validation", "level": "info", "logger": "pipeline_validator", "timestamp": "2025-08-28T08:47:40.370229Z"}
{"channel": "monitoring", "active_brokers": ["paper", "zerodha"], "event": "Stopping pipeline monitoring", "level": "info", "logger": "pipeline_monitor", "timestamp": "2025-08-28T08:47:58.586225Z"}
{"channel": "monitoring", "active_brokers": ["paper", "zerodha"], "event": "Pipeline monitoring cancelled", "level": "info", "logger": "pipeline_monitor", "timestamp": "2025-08-28T08:47:58.587409Z"}
{"channel": "monitoring", "active_brokers": ["paper", "zerodha"], "event": "Pipeline monitoring stopped", "level": "info", "logger": "pipeline_monitor", "timestamp": "2025-08-28T08:47:58.587804Z"}
