{"channel": "trading", "strategy_type": "MLBreakoutProcessor", "architecture": "composition", "has_ml_capability": true, "event": "Loaded ML composition strategy: ML_Breakout_Sample_1", "env": "development", "service": "Alpha Panda", "version": "2.1.0", "level": "info", "logger": "strategy_runner", "timestamp": "2025-09-07T15:08:48.895739Z"}
{"channel": "trading", "strategy_type": "MLMeanReversionProcessor", "architecture": "composition", "has_ml_capability": true, "event": "Loaded ML composition strategy: ML_MeanReversion_Sample_1", "env": "development", "service": "Alpha Panda", "version": "2.1.0", "level": "info", "logger": "strategy_runner", "timestamp": "2025-09-07T15:08:48.896204Z"}
{"channel": "trading", "strategy_type": "MLMomentumProcessor", "architecture": "composition", "has_ml_capability": true, "event": "Loaded ML composition strategy: ML_Momentum_Sample_1", "env": "development", "service": "Alpha Panda", "version": "2.1.0", "level": "info", "logger": "strategy_runner", "timestamp": "2025-09-07T15:08:48.896537Z"}
{"channel": "trading", "total_strategies": 3, "traditional_strategies": 0, "ml_strategies": 3, "ml_models_loaded": 3, "ml_models_failed": 0, "event": "Strategy Loading Summary", "env": "development", "service": "Alpha Panda", "version": "2.1.0", "level": "info", "logger": "strategy_runner", "timestamp": "2025-09-07T15:08:48.897652Z"}
{"channel": "trading", "counts": {"paper": 3, "zerodha": 0}, "event": "Recorded per-broker active strategy counts", "env": "development", "service": "Alpha Panda", "version": "2.1.0", "level": "info", "logger": "strategy_runner", "timestamp": "2025-09-07T15:08:48.899630Z"}
{"channel": "trading", "composition_strategies": 3, "architecture": "composition_only", "event": "\ud83c\udfed Composition strategy runner started with active brokers: ['paper', 'zerodha']", "env": "development", "service": "Alpha Panda", "version": "2.1.0", "level": "info", "logger": "strategy_runner", "timestamp": "2025-09-07T15:08:48.899783Z"}
{"channel": "trading", "broker": "paper", "broker_context": "paper", "event": "Strategy Runner active", "env": "development", "service": "Alpha Panda", "version": "2.1.0", "level": "info", "logger": "strategy_runner", "timestamp": "2025-09-07T15:08:48.899874Z"}
{"channel": "trading", "broker": "zerodha", "broker_context": "zerodha", "event": "Strategy Runner active", "env": "development", "service": "Alpha Panda", "version": "2.1.0", "level": "info", "logger": "strategy_runner", "timestamp": "2025-09-07T15:08:48.899953Z"}
{"channel": "trading", "service": "risk_manager", "component": "core", "correlation_id": null, "correlation_context": {}, "timestamp": "2025-09-07T15:08:48.919251Z", "event": "\ud83d\udee1\ufe0f Risk Manager started for brokers: ['paper', 'zerodha']", "env": "development", "version": "2.1.0", "level": "info", "logger": "risk_manager_core"}
{"channel": "trading", "service": "risk_manager", "component": "core", "broker": "paper", "correlation_id": null, "correlation_context": {}, "timestamp": "2025-09-07T15:08:48.919658Z", "event": "Risk Manager started", "env": "development", "version": "2.1.0", "level": "info", "logger": "risk_manager_core"}
{"channel": "trading", "service": "risk_manager", "component": "core", "broker": "zerodha", "correlation_id": null, "correlation_context": {}, "timestamp": "2025-09-07T15:08:48.919824Z", "event": "Risk Manager started", "env": "development", "version": "2.1.0", "level": "info", "logger": "risk_manager_core"}
{"channel": "trading", "event": "PaperTrading starting...", "env": "development", "service": "Alpha Panda", "version": "2.1.0", "level": "info", "logger": "paper_trading", "timestamp": "2025-09-07T15:08:48.920056Z"}
{"channel": "trading", "broker": "paper", "broker_context": "paper", "event": "PaperTrading started", "env": "development", "service": "Alpha Panda", "version": "2.1.0", "level": "info", "logger": "paper_trading", "timestamp": "2025-09-07T15:08:48.920212Z"}
{"channel": "trading", "event": "Strategy runner service stopped", "env": "development", "service": "Alpha Panda", "version": "2.1.0", "level": "info", "logger": "strategy_runner", "timestamp": "2025-09-07T15:09:27.553146Z"}
{"channel": "trading", "broker": "paper", "broker_context": "paper", "event": "Strategy Runner stopped", "env": "development", "service": "Alpha Panda", "version": "2.1.0", "level": "info", "logger": "strategy_runner", "timestamp": "2025-09-07T15:09:27.553497Z"}
{"channel": "trading", "broker": "zerodha", "broker_context": "zerodha", "event": "Strategy Runner stopped", "env": "development", "service": "Alpha Panda", "version": "2.1.0", "level": "info", "logger": "strategy_runner", "timestamp": "2025-09-07T15:09:27.553680Z"}
{"channel": "trading", "service": "risk_manager", "component": "core", "correlation_id": null, "correlation_context": {}, "timestamp": "2025-09-07T15:09:27.554283Z", "event": "\ud83d\udee1\ufe0f Risk Manager stopped for brokers: ['paper', 'zerodha']", "env": "development", "version": "2.1.0", "level": "info", "logger": "risk_manager_core"}
{"channel": "trading", "service": "risk_manager", "component": "core", "broker": "paper", "correlation_id": null, "correlation_context": {}, "timestamp": "2025-09-07T15:09:27.554458Z", "event": "Risk Manager stopped", "env": "development", "version": "2.1.0", "level": "info", "logger": "risk_manager_core"}
{"channel": "trading", "service": "risk_manager", "component": "core", "broker": "zerodha", "correlation_id": null, "correlation_context": {}, "timestamp": "2025-09-07T15:09:27.554667Z", "event": "Risk Manager stopped", "env": "development", "version": "2.1.0", "level": "info", "logger": "risk_manager_core"}
{"channel": "trading", "event": "PaperTrading stopped", "env": "development", "service": "Alpha Panda", "version": "2.1.0", "level": "info", "logger": "paper_trading", "timestamp": "2025-09-07T15:09:27.555874Z"}
{"channel": "trading", "broker": "paper", "broker_context": "paper", "event": "PaperTrading stopped", "env": "development", "service": "Alpha Panda", "version": "2.1.0", "level": "info", "logger": "paper_trading", "timestamp": "2025-09-07T15:09:27.556027Z"}
{"channel": "trading", "strategy_type": "MLBreakoutProcessor", "architecture": "composition", "has_ml_capability": true, "event": "Loaded ML composition strategy: ML_Breakout_Sample_1", "env": "development", "service": "Alpha Panda", "version": "2.1.0", "level": "info", "logger": "strategy_runner", "timestamp": "2025-09-07T15:11:20.125452Z"}
{"channel": "trading", "strategy_type": "MLMeanReversionProcessor", "architecture": "composition", "has_ml_capability": true, "event": "Loaded ML composition strategy: ML_MeanReversion_Sample_1", "env": "development", "service": "Alpha Panda", "version": "2.1.0", "level": "info", "logger": "strategy_runner", "timestamp": "2025-09-07T15:11:20.125892Z"}
{"channel": "trading", "strategy_type": "MLMomentumProcessor", "architecture": "composition", "has_ml_capability": true, "event": "Loaded ML composition strategy: ML_Momentum_Sample_1", "env": "development", "service": "Alpha Panda", "version": "2.1.0", "level": "info", "logger": "strategy_runner", "timestamp": "2025-09-07T15:11:20.126319Z"}
{"channel": "trading", "total_strategies": 3, "traditional_strategies": 0, "ml_strategies": 3, "ml_models_loaded": 3, "ml_models_failed": 0, "event": "Strategy Loading Summary", "env": "development", "service": "Alpha Panda", "version": "2.1.0", "level": "info", "logger": "strategy_runner", "timestamp": "2025-09-07T15:11:20.127440Z"}
{"channel": "trading", "counts": {"paper": 3, "zerodha": 0}, "event": "Recorded per-broker active strategy counts", "env": "development", "service": "Alpha Panda", "version": "2.1.0", "level": "info", "logger": "strategy_runner", "timestamp": "2025-09-07T15:11:20.128826Z"}
{"channel": "trading", "composition_strategies": 3, "architecture": "composition_only", "event": "\ud83c\udfed Composition strategy runner started with active brokers: ['paper', 'zerodha']", "env": "development", "service": "Alpha Panda", "version": "2.1.0", "level": "info", "logger": "strategy_runner", "timestamp": "2025-09-07T15:11:20.128992Z"}
{"channel": "trading", "broker": "paper", "broker_context": "paper", "event": "Strategy Runner active", "env": "development", "service": "Alpha Panda", "version": "2.1.0", "level": "info", "logger": "strategy_runner", "timestamp": "2025-09-07T15:11:20.129109Z"}
{"channel": "trading", "broker": "zerodha", "broker_context": "zerodha", "event": "Strategy Runner active", "env": "development", "service": "Alpha Panda", "version": "2.1.0", "level": "info", "logger": "strategy_runner", "timestamp": "2025-09-07T15:11:20.129206Z"}
{"channel": "trading", "service": "risk_manager", "component": "core", "correlation_id": null, "correlation_context": {}, "timestamp": "2025-09-07T15:11:20.145814Z", "event": "\ud83d\udee1\ufe0f Risk Manager started for brokers: ['paper', 'zerodha']", "env": "development", "version": "2.1.0", "level": "info", "logger": "risk_manager_core"}
{"channel": "trading", "service": "risk_manager", "component": "core", "broker": "paper", "correlation_id": null, "correlation_context": {}, "timestamp": "2025-09-07T15:11:20.146502Z", "event": "Risk Manager started", "env": "development", "version": "2.1.0", "level": "info", "logger": "risk_manager_core"}
{"channel": "trading", "service": "risk_manager", "component": "core", "broker": "zerodha", "correlation_id": null, "correlation_context": {}, "timestamp": "2025-09-07T15:11:20.146717Z", "event": "Risk Manager started", "env": "development", "version": "2.1.0", "level": "info", "logger": "risk_manager_core"}
{"channel": "trading", "event": "PaperTrading starting...", "env": "development", "service": "Alpha Panda", "version": "2.1.0", "level": "info", "logger": "paper_trading", "timestamp": "2025-09-07T15:11:20.146952Z"}
{"channel": "trading", "broker": "paper", "broker_context": "paper", "event": "PaperTrading started", "env": "development", "service": "Alpha Panda", "version": "2.1.0", "level": "info", "logger": "paper_trading", "timestamp": "2025-09-07T15:11:20.147134Z"}
{"channel": "trading", "event": "Strategy runner service stopped", "env": "development", "service": "Alpha Panda", "version": "2.1.0", "level": "info", "logger": "strategy_runner", "timestamp": "2025-09-07T15:12:15.909027Z"}
{"channel": "trading", "broker": "paper", "broker_context": "paper", "event": "Strategy Runner stopped", "env": "development", "service": "Alpha Panda", "version": "2.1.0", "level": "info", "logger": "strategy_runner", "timestamp": "2025-09-07T15:12:15.909627Z"}
{"channel": "trading", "broker": "zerodha", "broker_context": "zerodha", "event": "Strategy Runner stopped", "env": "development", "service": "Alpha Panda", "version": "2.1.0", "level": "info", "logger": "strategy_runner", "timestamp": "2025-09-07T15:12:15.909752Z"}
{"channel": "trading", "service": "risk_manager", "component": "core", "correlation_id": null, "correlation_context": {}, "timestamp": "2025-09-07T15:12:15.910296Z", "event": "\ud83d\udee1\ufe0f Risk Manager stopped for brokers: ['paper', 'zerodha']", "env": "development", "version": "2.1.0", "level": "info", "logger": "risk_manager_core"}
{"channel": "trading", "service": "risk_manager", "component": "core", "broker": "paper", "correlation_id": null, "correlation_context": {}, "timestamp": "2025-09-07T15:12:15.910514Z", "event": "Risk Manager stopped", "env": "development", "version": "2.1.0", "level": "info", "logger": "risk_manager_core"}
{"channel": "trading", "service": "risk_manager", "component": "core", "broker": "zerodha", "correlation_id": null, "correlation_context": {}, "timestamp": "2025-09-07T15:12:15.910623Z", "event": "Risk Manager stopped", "env": "development", "version": "2.1.0", "level": "info", "logger": "risk_manager_core"}
{"channel": "trading", "event": "PaperTrading stopped", "env": "development", "service": "Alpha Panda", "version": "2.1.0", "level": "info", "logger": "paper_trading", "timestamp": "2025-09-07T15:12:15.911521Z"}
{"channel": "trading", "broker": "paper", "broker_context": "paper", "event": "PaperTrading stopped", "env": "development", "service": "Alpha Panda", "version": "2.1.0", "level": "info", "logger": "paper_trading", "timestamp": "2025-09-07T15:12:15.911778Z"}
